Arguments: 
  C:\Program Files\nodejs\node.exe C:\Users\41702\AppData\Roaming\npm\node_modules\yarn\bin\yarn.js add axios

PATH: 
  C:\Users\41702\bin;C:\Program Files\Git\mingw64\bin;C:\Program Files\Git\usr\local\bin;C:\Program Files\Git\usr\bin;C:\Program Files\Git\usr\bin;C:\Program Files\Git\mingw64\bin;C:\Program Files\Git\usr\bin;C:\Users\41702\bin;C:\Program Files (x86)\Common Files\Intel\Shared Libraries\redist\intel64\compiler;C:\Program Files\PlasticSCM5\server;C:\Program Files\PlasticSCM5\client;C:\Windows\system32;C:\Windows;C:\Windows\System32\Wbem;C:\Windows\System32\WindowsPowerShell\v1.0;C:\Windows\System32\OpenSSH;C:\Program Files (x86)\NVIDIA Corporation\PhysX\Common;C:\Program Files\NVIDIA Corporation\NVIDIA NvDLISR;C:\Program Files\dotnet;C:\Program Files\Git\cmd;C:\Program Files\ACE Studio;C:\Program Files\ffmpeg-2024-02-04-git-7375a6ca7b-full_build\bin;C:\Program Files\nodejs;D:\phpstudy_pro\Extensions\php\php7.3.4nts;C:\Users\41702\AppData\Local\Programs\Python\Python310\Scripts;C:\Users\41702\AppData\Local\Programs\Python\Python310;C:\Users\41702\AppData\Local\Microsoft\WindowsApps;C:\Users\41702\AppData\Local\Programs\Microsoft VS Code\bin;C:\Users\41702\.dotnet\tools;C:\Users\41702\AppData\Roaming\npm;D:\phpstudy_pro\Extensions\php\php7.3.4nts;C:\Program Files\Git\usr\bin\vendor_perl;C:\Program Files\Git\usr\bin\core_perl

Yarn version: 
  1.22.19

Node version: 
  20.11.1

Platform: 
  win32 x64

Trace: 
  Error: EPERM: operation not permitted, unlink 'D:\_project\webGL_20240529Make_A_Town\node_modules\@esbuild\win32-x64\esbuild.exe'

npm manifest: 
  {
    "devDependencies": {
      "vitepress": "^1.2.2"
    },
    "scripts": {
      "dev": "vitepress dev docs",
      "docs:build": "vitepress build docs",
      "docs:preview": "vitepress preview docs"
    },
    "dependencies": {
      "element-plus": "^2.7.4",
      "nodejs-websocket": "^1.7.2",
      "three": "^0.164.1"
    }
  }

yarn manifest: 
  No manifest

Lockfile: 
  # THIS IS AN AUTOGENERATED FILE. DO NOT EDIT THIS FILE DIRECTLY.
  # yarn lockfile v1
  
  
  "@algolia/autocomplete-core@1.9.3":
    version "1.9.3"
    resolved "https://registry.npmmirror.com/@algolia/autocomplete-core/-/autocomplete-core-1.9.3.tgz"
    integrity sha512-009HdfugtGCdC4JdXUbVJClA0q0zh24yyePn+KUGk3rP7j8FEe/m5Yo/z65gn6nP/cM39PxpzqKrL7A6fP6PPw==
    dependencies:
      "@algolia/autocomplete-plugin-algolia-insights" "1.9.3"
      "@algolia/autocomplete-shared" "1.9.3"
  
  "@algolia/autocomplete-plugin-algolia-insights@1.9.3":
    version "1.9.3"
    resolved "https://registry.npmmirror.com/@algolia/autocomplete-plugin-algolia-insights/-/autocomplete-plugin-algolia-insights-1.9.3.tgz"
    integrity sha512-a/yTUkcO/Vyy+JffmAnTWbr4/90cLzw+CC3bRbhnULr/EM0fGNvM13oQQ14f2moLMcVDyAx/leczLlAOovhSZg==
    dependencies:
      "@algolia/autocomplete-shared" "1.9.3"
  
  "@algolia/autocomplete-preset-algolia@1.9.3":
    version "1.9.3"
    resolved "https://registry.npmmirror.com/@algolia/autocomplete-preset-algolia/-/autocomplete-preset-algolia-1.9.3.tgz"
    integrity sha512-d4qlt6YmrLMYy95n5TB52wtNDr6EgAIPH81dvvvW8UmuWRgxEtY0NJiPwl/h95JtG2vmRM804M0DSwMCNZlzRA==
    dependencies:
      "@algolia/autocomplete-shared" "1.9.3"
  
  "@algolia/autocomplete-shared@1.9.3":
    version "1.9.3"
    resolved "https://registry.npmmirror.com/@algolia/autocomplete-shared/-/autocomplete-shared-1.9.3.tgz"
    integrity sha512-Wnm9E4Ye6Rl6sTTqjoymD+l8DjSTHsHboVRYrKgEt8Q7UHm9nYbqhN/i0fhUYA3OAEH7WA8x3jfpnmJm3rKvaQ==
  
  "@algolia/cache-browser-local-storage@4.23.3":
    version "4.23.3"
    resolved "https://registry.npmmirror.com/@algolia/cache-browser-local-storage/-/cache-browser-local-storage-4.23.3.tgz"
    integrity sha512-vRHXYCpPlTDE7i6UOy2xE03zHF2C8MEFjPN2v7fRbqVpcOvAUQK81x3Kc21xyb5aSIpYCjWCZbYZuz8Glyzyyg==
    dependencies:
      "@algolia/cache-common" "4.23.3"
  
  "@algolia/cache-common@4.23.3":
    version "4.23.3"
    resolved "https://registry.npmmirror.com/@algolia/cache-common/-/cache-common-4.23.3.tgz"
    integrity sha512-h9XcNI6lxYStaw32pHpB1TMm0RuxphF+Ik4o7tcQiodEdpKK+wKufY6QXtba7t3k8eseirEMVB83uFFF3Nu54A==
  
  "@algolia/cache-in-memory@4.23.3":
    version "4.23.3"
    resolved "https://registry.npmmirror.com/@algolia/cache-in-memory/-/cache-in-memory-4.23.3.tgz"
    integrity sha512-yvpbuUXg/+0rbcagxNT7un0eo3czx2Uf0y4eiR4z4SD7SiptwYTpbuS0IHxcLHG3lq22ukx1T6Kjtk/rT+mqNg==
    dependencies:
      "@algolia/cache-common" "4.23.3"
  
  "@algolia/client-account@4.23.3":
    version "4.23.3"
    resolved "https://registry.npmmirror.com/@algolia/client-account/-/client-account-4.23.3.tgz"
    integrity sha512-hpa6S5d7iQmretHHF40QGq6hz0anWEHGlULcTIT9tbUssWUriN9AUXIFQ8Ei4w9azD0hc1rUok9/DeQQobhQMA==
    dependencies:
      "@algolia/client-common" "4.23.3"
      "@algolia/client-search" "4.23.3"
      "@algolia/transporter" "4.23.3"
  
  "@algolia/client-analytics@4.23.3":
    version "4.23.3"
    resolved "https://registry.npmmirror.com/@algolia/client-analytics/-/client-analytics-4.23.3.tgz"
    integrity sha512-LBsEARGS9cj8VkTAVEZphjxTjMVCci+zIIiRhpFun9jGDUlS1XmhCW7CTrnaWeIuCQS/2iPyRqSy1nXPjcBLRA==
    dependencies:
      "@algolia/client-common" "4.23.3"
      "@algolia/client-search" "4.23.3"
      "@algolia/requester-common" "4.23.3"
      "@algolia/transporter" "4.23.3"
  
  "@algolia/client-common@4.23.3":
    version "4.23.3"
    resolved "https://registry.npmmirror.com/@algolia/client-common/-/client-common-4.23.3.tgz"
    integrity sha512-l6EiPxdAlg8CYhroqS5ybfIczsGUIAC47slLPOMDeKSVXYG1n0qGiz4RjAHLw2aD0xzh2EXZ7aRguPfz7UKDKw==
    dependencies:
      "@algolia/requester-common" "4.23.3"
      "@algolia/transporter" "4.23.3"
  
  "@algolia/client-personalization@4.23.3":
    version "4.23.3"
    resolved "https://registry.npmmirror.com/@algolia/client-personalization/-/client-personalization-4.23.3.tgz"
    integrity sha512-3E3yF3Ocr1tB/xOZiuC3doHQBQ2zu2MPTYZ0d4lpfWads2WTKG7ZzmGnsHmm63RflvDeLK/UVx7j2b3QuwKQ2g==
    dependencies:
      "@algolia/client-common" "4.23.3"
      "@algolia/requester-common" "4.23.3"
      "@algolia/transporter" "4.23.3"
  
  "@algolia/client-search@>= 4.9.1 < 6", "@algolia/client-search@4.23.3":
    version "4.23.3"
    resolved "https://registry.npmmirror.com/@algolia/client-search/-/client-search-4.23.3.tgz"
    integrity sha512-P4VAKFHqU0wx9O+q29Q8YVuaowaZ5EM77rxfmGnkHUJggh28useXQdopokgwMeYw2XUht49WX5RcTQ40rZIabw==
    dependencies:
      "@algolia/client-common" "4.23.3"
      "@algolia/requester-common" "4.23.3"
      "@algolia/transporter" "4.23.3"
  
  "@algolia/logger-common@4.23.3":
    version "4.23.3"
    resolved "https://registry.npmmirror.com/@algolia/logger-common/-/logger-common-4.23.3.tgz"
    integrity sha512-y9kBtmJwiZ9ZZ+1Ek66P0M68mHQzKRxkW5kAAXYN/rdzgDN0d2COsViEFufxJ0pb45K4FRcfC7+33YB4BLrZ+g==
  
  "@algolia/logger-console@4.23.3":
    version "4.23.3"
    resolved "https://registry.npmmirror.com/@algolia/logger-console/-/logger-console-4.23.3.tgz"
    integrity sha512-8xoiseoWDKuCVnWP8jHthgaeobDLolh00KJAdMe9XPrWPuf1by732jSpgy2BlsLTaT9m32pHI8CRfrOqQzHv3A==
    dependencies:
      "@algolia/logger-common" "4.23.3"
  
  "@algolia/recommend@4.23.3":
    version "4.23.3"
    resolved "https://registry.npmmirror.com/@algolia/recommend/-/recommend-4.23.3.tgz"
    integrity sha512-9fK4nXZF0bFkdcLBRDexsnGzVmu4TSYZqxdpgBW2tEyfuSSY54D4qSRkLmNkrrz4YFvdh2GM1gA8vSsnZPR73w==
    dependencies:
      "@algolia/cache-browser-local-storage" "4.23.3"
      "@algolia/cache-common" "4.23.3"
      "@algolia/cache-in-memory" "4.23.3"
      "@algolia/client-common" "4.23.3"
      "@algolia/client-search" "4.23.3"
      "@algolia/logger-common" "4.23.3"
      "@algolia/logger-console" "4.23.3"
      "@algolia/requester-browser-xhr" "4.23.3"
      "@algolia/requester-common" "4.23.3"
      "@algolia/requester-node-http" "4.23.3"
      "@algolia/transporter" "4.23.3"
  
  "@algolia/requester-browser-xhr@4.23.3":
    version "4.23.3"
    resolved "https://registry.npmmirror.com/@algolia/requester-browser-xhr/-/requester-browser-xhr-4.23.3.tgz"
    integrity sha512-jDWGIQ96BhXbmONAQsasIpTYWslyjkiGu0Quydjlowe+ciqySpiDUrJHERIRfELE5+wFc7hc1Q5hqjGoV7yghw==
    dependencies:
      "@algolia/requester-common" "4.23.3"
  
  "@algolia/requester-common@4.23.3":
    version "4.23.3"
    resolved "https://registry.npmmirror.com/@algolia/requester-common/-/requester-common-4.23.3.tgz"
    integrity sha512-xloIdr/bedtYEGcXCiF2muajyvRhwop4cMZo+K2qzNht0CMzlRkm8YsDdj5IaBhshqfgmBb3rTg4sL4/PpvLYw==
  
  "@algolia/requester-node-http@4.23.3":
    version "4.23.3"
    resolved "https://registry.npmmirror.com/@algolia/requester-node-http/-/requester-node-http-4.23.3.tgz"
    integrity sha512-zgu++8Uj03IWDEJM3fuNl34s746JnZOWn1Uz5taV1dFyJhVM/kTNw9Ik7YJWiUNHJQXcaD8IXD1eCb0nq/aByA==
    dependencies:
      "@algolia/requester-common" "4.23.3"
  
  "@algolia/transporter@4.23.3":
    version "4.23.3"
    resolved "https://registry.npmmirror.com/@algolia/transporter/-/transporter-4.23.3.tgz"
    integrity sha512-Wjl5gttqnf/gQKJA+dafnD0Y6Yw97yvfY8R9h0dQltX1GXTgNs1zWgvtWW0tHl1EgMdhAyw189uWiZMnL3QebQ==
    dependencies:
      "@algolia/cache-common" "4.23.3"
      "@algolia/logger-common" "4.23.3"
      "@algolia/requester-common" "4.23.3"
  
  "@babel/parser@^7.24.4":
    version "7.24.6"
    resolved "https://registry.npmmirror.com/@babel/parser/-/parser-7.24.6.tgz"
    integrity sha512-eNZXdfU35nJC2h24RznROuOpO94h6x8sg9ju0tT9biNtLZ2vuP8SduLqqV+/8+cebSLV9SJEAN5Z3zQbJG/M+Q==
  
  "@ctrl/tinycolor@^3.4.1":
    version "3.6.1"
    resolved "https://registry.npmmirror.com/@ctrl/tinycolor/-/tinycolor-3.6.1.tgz"
    integrity sha512-SITSV6aIXsuVNV3f3O0f2n/cgyEDWoSqtZMYiAmcsYHydcKrOz3gUxB/iXd/Qf08+IZX4KpgNbvUdMBmWz+kcA==
  
  "@docsearch/css@^3.6.0", "@docsearch/css@3.6.0":
    version "3.6.0"
    resolved "https://registry.npmmirror.com/@docsearch/css/-/css-3.6.0.tgz"
    integrity sha512-+sbxb71sWre+PwDK7X2T8+bhS6clcVMLwBPznX45Qu6opJcgRjAp7gYSDzVFp187J+feSj5dNBN1mJoi6ckkUQ==
  
  "@docsearch/js@^3.6.0":
    version "3.6.0"
    resolved "https://registry.npmmirror.com/@docsearch/js/-/js-3.6.0.tgz"
    integrity sha512-QujhqINEElrkIfKwyyyTfbsfMAYCkylInLYMRqHy7PHc8xTBQCow73tlo/Kc7oIwBrCLf0P3YhjlOeV4v8hevQ==
    dependencies:
      "@docsearch/react" "3.6.0"
      preact "^10.0.0"
  
  "@docsearch/react@3.6.0":
    version "3.6.0"
    resolved "https://registry.npmmirror.com/@docsearch/react/-/react-3.6.0.tgz"
    integrity sha512-HUFut4ztcVNmqy9gp/wxNbC7pTOHhgVVkHVGCACTuLhUKUhKAF9KYHJtMiLUJxEqiFLQiuri1fWF8zqwM/cu1w==
    dependencies:
      "@algolia/autocomplete-core" "1.9.3"
      "@algolia/autocomplete-preset-algolia" "1.9.3"
      "@docsearch/css" "3.6.0"
      algoliasearch "^4.19.1"
  
  "@element-plus/icons-vue@^2.3.1":
    version "2.3.1"
    resolved "https://registry.npmmirror.com/@element-plus/icons-vue/-/icons-vue-2.3.1.tgz"
    integrity sha512-XxVUZv48RZAd87ucGS48jPf6pKu0yV5UCg9f4FFwtrYxXOwWuVJo6wOvSLKEoMQKjv8GsX/mhP6UsC1lRwbUWg==
  
  "@esbuild/win32-x64@0.20.2":
    version "0.20.2"
    resolved "https://registry.npmmirror.com/@esbuild/win32-x64/-/win32-x64-0.20.2.tgz"
    integrity sha512-N49X4lJX27+l9jbLKSqZ6bKNjzQvHaT8IIFUy+YIqmXQdjYCToGWwOItDrfby14c78aDd5NHQl29xingXfCdLQ==
  
  "@floating-ui/core@^1.0.0":
    version "1.6.2"
    resolved "https://registry.npmmirror.com/@floating-ui/core/-/core-1.6.2.tgz"
    integrity sha512-+2XpQV9LLZeanU4ZevzRnGFg2neDeKHgFLjP6YLW+tly0IvrhqT4u8enLGjLH3qeh85g19xY5rsAusfwTdn5lg==
    dependencies:
      "@floating-ui/utils" "^0.2.0"
  
  "@floating-ui/dom@^1.0.1":
    version "1.6.5"
    resolved "https://registry.npmmirror.com/@floating-ui/dom/-/dom-1.6.5.tgz"
    integrity sha512-Nsdud2X65Dz+1RHjAIP0t8z5e2ff/IRbei6BqFrl1urT8sDVzM1HMQ+R0XcU5ceRfyO3I6ayeqIfh+6Wb8LGTw==
    dependencies:
      "@floating-ui/core" "^1.0.0"
      "@floating-ui/utils" "^0.2.0"
  
  "@floating-ui/utils@^0.2.0":
    version "0.2.2"
    resolved "https://registry.npmmirror.com/@floating-ui/utils/-/utils-0.2.2.tgz"
    integrity sha512-J4yDIIthosAsRZ5CPYP/jQvUAQtlZTTD/4suA08/FEnlxqW3sKS9iAhgsa9VYLZ6vDHn/ixJgIqRQPotoBjxIw==
  
  "@jridgewell/sourcemap-codec@^1.4.15":
    version "1.4.15"
    resolved "https://registry.npmmirror.com/@jridgewell/sourcemap-codec/-/sourcemap-codec-1.4.15.tgz"
    integrity sha512-eF2rxCRulEKXHTRiDrDy6erMYWqNw4LPdQ8UQA4huuxaQsVeRPFl2oM8oDGxMFhJUWZf9McpLtJasDDZb/Bpeg==
  
  "@popperjs/core@npm:@sxzz/popperjs-es@^2.11.7":
    version "2.11.7"
    resolved "https://registry.npmmirror.com/@sxzz/popperjs-es/-/popperjs-es-2.11.7.tgz"
    integrity sha512-Ccy0NlLkzr0Ex2FKvh2X+OyERHXJ88XJ1MXtsI9y9fGexlaXaVTPzBCRBwIxFkORuOb+uBqeu+RqnpgYTEZRUQ==
  
  "@rollup/rollup-win32-x64-msvc@4.18.0":
    version "4.18.0"
    resolved "https://registry.npmmirror.com/@rollup/rollup-win32-x64-msvc/-/rollup-win32-x64-msvc-4.18.0.tgz"
    integrity sha512-UOo5FdvOL0+eIVTgS4tIdbW+TtnBLWg1YBCcU2KWM7nuNwRz9bksDX1bekJJCpu25N1DVWaCwnT39dVQxzqS8g==
  
  "@shikijs/core@^1.5.2", "@shikijs/core@1.6.1":
    version "1.6.1"
    resolved "https://registry.npmmirror.com/@shikijs/core/-/core-1.6.1.tgz"
    integrity sha512-CqYyepN4SnBopaoXYwng4NO8riB5ask/LTCkhOFq+GNGtr2X+aKeD767eYdqYukeixEUvv4bXdyTYVaogj7KBw==
  
  "@shikijs/transformers@^1.5.2":
    version "1.6.1"
    resolved "https://registry.npmmirror.com/@shikijs/transformers/-/transformers-1.6.1.tgz"
    integrity sha512-m/h2Dh99XWvTzHL8MUQmEnrB+/gxDljIfgDNR00Zg941KENqORx8Hi9sKpGYjCgXoEJKASZlEMQdPnkHj9/8aQ==
    dependencies:
      shiki "1.6.1"
  
  "@types/estree@1.0.5":
    version "1.0.5"
    resolved "https://registry.npmmirror.com/@types/estree/-/estree-1.0.5.tgz"
    integrity sha512-/kYRxGDLWzHOB7q+wtSUQlFrtcdUccpfy+X+9iMBpHK8QLLhx2wIPYuS5DYtR9Wa/YlZAbIovy7qVdB1Aq6Lyw==
  
  "@types/linkify-it@^5":
    version "5.0.0"
    resolved "https://registry.npmmirror.com/@types/linkify-it/-/linkify-it-5.0.0.tgz"
    integrity sha512-sVDA58zAw4eWAffKOaQH5/5j3XeayukzDk+ewSsnv3p4yJEZHCCzMDiZM8e0OUrRvmpGZ85jf4yDHkHsgBNr9Q==
  
  "@types/lodash-es@*", "@types/lodash-es@^4.17.6":
    version "4.17.12"
    resolved "https://registry.npmmirror.com/@types/lodash-es/-/lodash-es-4.17.12.tgz"
    integrity sha512-0NgftHUcV4v34VhXm8QBSftKVXtbkBG3ViCjs6+eJ5a6y6Mi/jiFGPc1sC7QK+9BFhWrURE3EOggmWaSxL9OzQ==
    dependencies:
      "@types/lodash" "*"
  
  "@types/lodash@*", "@types/lodash@^4.14.182":
    version "4.17.4"
    resolved "https://registry.npmmirror.com/@types/lodash/-/lodash-4.17.4.tgz"
    integrity sha512-wYCP26ZLxaT3R39kiN2+HcJ4kTd3U1waI/cY7ivWYqFP6pW3ZNpvi6Wd6PHZx7T/t8z0vlkXMg3QYLa7DZ/IJQ==
  
  "@types/markdown-it@^14.1.1":
    version "14.1.1"
    resolved "https://registry.npmmirror.com/@types/markdown-it/-/markdown-it-14.1.1.tgz"
    integrity sha512-4NpsnpYl2Gt1ljyBGrKMxFYAYvpqbnnkgP/i/g+NLpjEUa3obn1XJCur9YbEXKDAkaXqsR1LbDnGEJ0MmKFxfg==
    dependencies:
      "@types/linkify-it" "^5"
      "@types/mdurl" "^2"
  
  "@types/mdurl@^2":
    version "2.0.0"
    resolved "https://registry.npmmirror.com/@types/mdurl/-/mdurl-2.0.0.tgz"
    integrity sha512-RGdgjQUZba5p6QEFAVx2OGb8rQDL/cPRG7GiedRzMcJ1tYnUANBncjbSB1NRGwbvjcPeikRABz2nshyPk1bhWg==
  
  "@types/web-bluetooth@^0.0.16":
    version "0.0.16"
    resolved "https://registry.npmmirror.com/@types/web-bluetooth/-/web-bluetooth-0.0.16.tgz"
    integrity sha512-oh8q2Zc32S6gd/j50GowEjKLoOVOwHP/bWVjKJInBwQqdOYMdPrf1oVlelTlyfFK3CKxL1uahMDAr+vy8T7yMQ==
  
  "@types/web-bluetooth@^0.0.20":
    version "0.0.20"
    resolved "https://registry.npmmirror.com/@types/web-bluetooth/-/web-bluetooth-0.0.20.tgz"
    integrity sha512-g9gZnnXVq7gM7v3tJCWV/qw7w+KeOlSHAhgF9RytFyifW6AF61hdT2ucrYhPq9hLs5JIryeupHV3qGk95dH9ow==
  
  "@vitejs/plugin-vue@^5.0.4":
    version "5.0.4"
    resolved "https://registry.npmmirror.com/@vitejs/plugin-vue/-/plugin-vue-5.0.4.tgz"
    integrity sha512-WS3hevEszI6CEVEx28F8RjTX97k3KsrcY6kvTg7+Whm5y3oYvcqzVeGCU3hxSAn4uY2CLCkeokkGKpoctccilQ==
  
  "@vue/compiler-core@3.4.27":
    version "3.4.27"
    resolved "https://registry.npmmirror.com/@vue/compiler-core/-/compiler-core-3.4.27.tgz"
    integrity sha512-E+RyqY24KnyDXsCuQrI+mlcdW3ALND6U7Gqa/+bVwbcpcR3BRRIckFoz7Qyd4TTlnugtwuI7YgjbvsLmxb+yvg==
    dependencies:
      "@babel/parser" "^7.24.4"
      "@vue/shared" "3.4.27"
      entities "^4.5.0"
      estree-walker "^2.0.2"
      source-map-js "^1.2.0"
  
  "@vue/compiler-dom@3.4.27":
    version "3.4.27"
    resolved "https://registry.npmmirror.com/@vue/compiler-dom/-/compiler-dom-3.4.27.tgz"
    integrity sha512-kUTvochG/oVgE1w5ViSr3KUBh9X7CWirebA3bezTbB5ZKBQZwR2Mwj9uoSKRMFcz4gSMzzLXBPD6KpCLb9nvWw==
    dependencies:
      "@vue/compiler-core" "3.4.27"
      "@vue/shared" "3.4.27"
  
  "@vue/compiler-sfc@3.4.27":
    version "3.4.27"
    resolved "https://registry.npmmirror.com/@vue/compiler-sfc/-/compiler-sfc-3.4.27.tgz"
    integrity sha512-nDwntUEADssW8e0rrmE0+OrONwmRlegDA1pD6QhVeXxjIytV03yDqTey9SBDiALsvAd5U4ZrEKbMyVXhX6mCGA==
    dependencies:
      "@babel/parser" "^7.24.4"
      "@vue/compiler-core" "3.4.27"
      "@vue/compiler-dom" "3.4.27"
      "@vue/compiler-ssr" "3.4.27"
      "@vue/shared" "3.4.27"
      estree-walker "^2.0.2"
      magic-string "^0.30.10"
      postcss "^8.4.38"
      source-map-js "^1.2.0"
  
  "@vue/compiler-ssr@3.4.27":
    version "3.4.27"
    resolved "https://registry.npmmirror.com/@vue/compiler-ssr/-/compiler-ssr-3.4.27.tgz"
    integrity sha512-CVRzSJIltzMG5FcidsW0jKNQnNRYC8bT21VegyMMtHmhW3UOI7knmUehzswXLrExDLE6lQCZdrhD4ogI7c+vuw==
    dependencies:
      "@vue/compiler-dom" "3.4.27"
      "@vue/shared" "3.4.27"
  
  "@vue/devtools-api@^7.2.0":
    version "7.2.1"
    resolved "https://registry.npmmirror.com/@vue/devtools-api/-/devtools-api-7.2.1.tgz"
    integrity sha512-6oNCtyFOrNdqm6GUkFujsCgFlpbsHLnZqq7edeM/+cxAbMyCWvsaCsIMUaz7AiluKLccCGEM8fhOsjaKgBvb7g==
    dependencies:
      "@vue/devtools-kit" "^7.2.1"
  
  "@vue/devtools-kit@^7.2.1":
    version "7.2.1"
    resolved "https://registry.npmmirror.com/@vue/devtools-kit/-/devtools-kit-7.2.1.tgz"
    integrity sha512-Wak/fin1X0Q8LLIfCAHBrdaaB+R6IdpSXsDByPHbQ3BmkCP0/cIo/oEGp9i0U2+gEqD4L3V9RDjNf1S34DTzQQ==
    dependencies:
      "@vue/devtools-shared" "^7.2.1"
      hookable "^5.5.3"
      mitt "^3.0.1"
      perfect-debounce "^1.0.0"
      speakingurl "^14.0.1"
  
  "@vue/devtools-shared@^7.2.1":
    version "7.2.1"
    resolved "https://registry.npmmirror.com/@vue/devtools-shared/-/devtools-shared-7.2.1.tgz"
    integrity sha512-PCJF4UknJmOal68+X9XHyVeQ+idv0LFujkTOIW30+GaMJqwFVN9LkQKX4gLqn61KkGMdJTzQ1bt7EJag3TI6AA==
    dependencies:
      rfdc "^1.3.1"
  
  "@vue/reactivity@3.4.27":
    version "3.4.27"
    resolved "https://registry.npmmirror.com/@vue/reactivity/-/reactivity-3.4.27.tgz"
    integrity sha512-kK0g4NknW6JX2yySLpsm2jlunZJl2/RJGZ0H9ddHdfBVHcNzxmQ0sS0b09ipmBoQpY8JM2KmUw+a6sO8Zo+zIA==
    dependencies:
      "@vue/shared" "3.4.27"
  
  "@vue/runtime-core@3.4.27":
    version "3.4.27"
    resolved "https://registry.npmmirror.com/@vue/runtime-core/-/runtime-core-3.4.27.tgz"
    integrity sha512-7aYA9GEbOOdviqVvcuweTLe5Za4qBZkUY7SvET6vE8kyypxVgaT1ixHLg4urtOlrApdgcdgHoTZCUuTGap/5WA==
    dependencies:
      "@vue/reactivity" "3.4.27"
      "@vue/shared" "3.4.27"
  
  "@vue/runtime-dom@3.4.27":
    version "3.4.27"
    resolved "https://registry.npmmirror.com/@vue/runtime-dom/-/runtime-dom-3.4.27.tgz"
    integrity sha512-ScOmP70/3NPM+TW9hvVAz6VWWtZJqkbdf7w6ySsws+EsqtHvkhxaWLecrTorFxsawelM5Ys9FnDEMt6BPBDS0Q==
    dependencies:
      "@vue/runtime-core" "3.4.27"
      "@vue/shared" "3.4.27"
      csstype "^3.1.3"
  
  "@vue/server-renderer@3.4.27":
    version "3.4.27"
    resolved "https://registry.npmmirror.com/@vue/server-renderer/-/server-renderer-3.4.27.tgz"
    integrity sha512-dlAMEuvmeA3rJsOMJ2J1kXU7o7pOxgsNHVr9K8hB3ImIkSuBrIdy0vF66h8gf8Tuinf1TK3mPAz2+2sqyf3KzA==
    dependencies:
      "@vue/compiler-ssr" "3.4.27"
      "@vue/shared" "3.4.27"
  
  "@vue/shared@^3.4.27", "@vue/shared@3.4.27":
    version "3.4.27"
    resolved "https://registry.npmmirror.com/@vue/shared/-/shared-3.4.27.tgz"
    integrity sha512-DL3NmY2OFlqmYYrzp39yi3LDkKxa5vZVwxWdQ3rG0ekuWscHraeIbnI8t+aZK7qhYqEqWKTUdijadunb9pnrgA==
  
  "@vueuse/core@^10.9.0", "@vueuse/core@10.10.0":
    version "10.10.0"
    resolved "https://registry.npmmirror.com/@vueuse/core/-/core-10.10.0.tgz"
    integrity sha512-vexJ/YXYs2S42B783rI95lMt3GzEwkxzC8Hb0Ndpd8rD+p+Lk/Za4bd797Ym7yq4jXqdSyj3JLChunF/vyYjUw==
    dependencies:
      "@types/web-bluetooth" "^0.0.20"
      "@vueuse/metadata" "10.10.0"
      "@vueuse/shared" "10.10.0"
      vue-demi ">=0.14.7"
  
  "@vueuse/core@^9.1.0":
    version "9.13.0"
    resolved "https://registry.npmmirror.com/@vueuse/core/-/core-9.13.0.tgz"
    integrity sha512-pujnclbeHWxxPRqXWmdkKV5OX4Wk4YeK7wusHqRwU0Q7EFusHoqNA/aPhB6KCh9hEqJkLAJo7bb0Lh9b+OIVzw==
    dependencies:
      "@types/web-bluetooth" "^0.0.16"
      "@vueuse/metadata" "9.13.0"
      "@vueuse/shared" "9.13.0"
      vue-demi "*"
  
  "@vueuse/integrations@^10.9.0":
    version "10.10.0"
    resolved "https://registry.npmmirror.com/@vueuse/integrations/-/integrations-10.10.0.tgz"
    integrity sha512-vHGeK7X6mkdkpcm1eE9t3Cpm21pNVfZRwrjwwbrEs9XftnSgszF4831G2rei8Dt9cIYJIfFV+iyx/29muimJPQ==
    dependencies:
      "@vueuse/core" "10.10.0"
      "@vueuse/shared" "10.10.0"
      vue-demi ">=0.14.7"
  
  "@vueuse/metadata@10.10.0":
    version "10.10.0"
    resolved "https://registry.npmmirror.com/@vueuse/metadata/-/metadata-10.10.0.tgz"
    integrity sha512-UNAo2sTCAW5ge6OErPEHb5z7NEAg3XcO9Cj7OK45aZXfLLH1QkexDcZD77HBi5zvEiLOm1An+p/4b5K3Worpug==
  
  "@vueuse/metadata@9.13.0":
    version "9.13.0"
    resolved "https://registry.npmmirror.com/@vueuse/metadata/-/metadata-9.13.0.tgz"
    integrity sha512-gdU7TKNAUVlXXLbaF+ZCfte8BjRJQWPCa2J55+7/h+yDtzw3vOoGQDRXzI6pyKyo6bXFT5/QoPE4hAknExjRLQ==
  
  "@vueuse/shared@10.10.0":
    version "10.10.0"
    resolved "https://registry.npmmirror.com/@vueuse/shared/-/shared-10.10.0.tgz"
    integrity sha512-2aW33Ac0Uk0U+9yo3Ypg9s5KcR42cuehRWl7vnUHadQyFvCktseyxxEPBi1Eiq4D2yBGACOnqLZpx1eMc7g5Og==
    dependencies:
      vue-demi ">=0.14.7"
  
  "@vueuse/shared@9.13.0":
    version "9.13.0"
    resolved "https://registry.npmmirror.com/@vueuse/shared/-/shared-9.13.0.tgz"
    integrity sha512-UrnhU+Cnufu4S6JLCPZnkWh0WwZGUp72ktOF2DFptMlOs3TOdVv8xJN53zhHGARmVOsz5KqOls09+J1NR6sBKw==
    dependencies:
      vue-demi "*"
  
  algoliasearch@^4.19.1, "algoliasearch@>= 4.9.1 < 6":
    version "4.23.3"
    resolved "https://registry.npmmirror.com/algoliasearch/-/algoliasearch-4.23.3.tgz"
    integrity sha512-Le/3YgNvjW9zxIQMRhUHuhiUjAlKY/zsdZpfq4dlLqg6mEm0nL6yk+7f2hDOtLpxsgE4jSzDmvHL7nXdBp5feg==
    dependencies:
      "@algolia/cache-browser-local-storage" "4.23.3"
      "@algolia/cache-common" "4.23.3"
      "@algolia/cache-in-memory" "4.23.3"
      "@algolia/client-account" "4.23.3"
      "@algolia/client-analytics" "4.23.3"
      "@algolia/client-common" "4.23.3"
      "@algolia/client-personalization" "4.23.3"
      "@algolia/client-search" "4.23.3"
      "@algolia/logger-common" "4.23.3"
      "@algolia/logger-console" "4.23.3"
      "@algolia/recommend" "4.23.3"
      "@algolia/requester-browser-xhr" "4.23.3"
      "@algolia/requester-common" "4.23.3"
      "@algolia/requester-node-http" "4.23.3"
      "@algolia/transporter" "4.23.3"
  
  async-validator@*, async-validator@^4.2.5:
    version "4.2.5"
    resolved "https://registry.npmmirror.com/async-validator/-/async-validator-4.2.5.tgz"
    integrity sha512-7HhHjtERjqlNbZtqNqy2rckN/SpOOlmDliet+lP7k+eKZEjPk3DgyeU9lIXLdeLz0uBbbVp+9Qdow9wJWgwwfg==
  
  csstype@^3.1.3:
    version "3.1.3"
    resolved "https://registry.npmmirror.com/csstype/-/csstype-3.1.3.tgz"
    integrity sha512-M1uQkMl8rQK/szD0LNhtqxIPLpimGm8sOBwU7lLnCpSbTyY3yeU1Vc7l4KT5zT4s/yOxHH5O7tIuuLOCnLADRw==
  
  dayjs@^1.11.3:
    version "1.11.11"
    resolved "https://registry.npmmirror.com/dayjs/-/dayjs-1.11.11.tgz"
    integrity sha512-okzr3f11N6WuqYtZSvm+F776mB41wRZMhKP+hc34YdW+KmtYYK9iqvHSwo2k9FEH3fhGXvOPV6yz2IcSrfRUDg==
  
  element-plus@^2.7.4:
    version "2.7.4"
    resolved "https://registry.npmmirror.com/element-plus/-/element-plus-2.7.4.tgz"
    integrity sha512-ADBN3zHdhg8R9m6IXR2B5txSWvCn1+nAD+aA9kaJ4rZHMr37DVX6EOdwUjqAMPKz2xC0tculgkJ5rh5zVNiDNQ==
    dependencies:
      "@ctrl/tinycolor" "^3.4.1"
      "@element-plus/icons-vue" "^2.3.1"
      "@floating-ui/dom" "^1.0.1"
      "@popperjs/core" "npm:@sxzz/popperjs-es@^2.11.7"
      "@types/lodash" "^4.14.182"
      "@types/lodash-es" "^4.17.6"
      "@vueuse/core" "^9.1.0"
      async-validator "^4.2.5"
      dayjs "^1.11.3"
      escape-html "^1.0.3"
      lodash "^4.17.21"
      lodash-es "^4.17.21"
      lodash-unified "^1.0.2"
      memoize-one "^6.0.0"
      normalize-wheel-es "^1.2.0"
  
  entities@^4.5.0:
    version "4.5.0"
    resolved "https://registry.npmmirror.com/entities/-/entities-4.5.0.tgz"
    integrity sha512-V0hjH4dGPh9Ao5p0MoRY6BVqtwCjhz6vI5LT8AJ55H+4g9/4vbHx1I54fS0XuclLhDHArPQCiMjDxjaL8fPxhw==
  
  esbuild@^0.20.1:
    version "0.20.2"
    resolved "https://registry.npmmirror.com/esbuild/-/esbuild-0.20.2.tgz"
    integrity sha512-WdOOppmUNU+IbZ0PaDiTst80zjnrOkyJNHoKupIcVyU8Lvla3Ugx94VzkQ32Ijqd7UhHJy75gNWDMUekcrSJ6g==
    optionalDependencies:
      "@esbuild/aix-ppc64" "0.20.2"
      "@esbuild/android-arm" "0.20.2"
      "@esbuild/android-arm64" "0.20.2"
      "@esbuild/android-x64" "0.20.2"
      "@esbuild/darwin-arm64" "0.20.2"
      "@esbuild/darwin-x64" "0.20.2"
      "@esbuild/freebsd-arm64" "0.20.2"
      "@esbuild/freebsd-x64" "0.20.2"
      "@esbuild/linux-arm" "0.20.2"
      "@esbuild/linux-arm64" "0.20.2"
      "@esbuild/linux-ia32" "0.20.2"
      "@esbuild/linux-loong64" "0.20.2"
      "@esbuild/linux-mips64el" "0.20.2"
      "@esbuild/linux-ppc64" "0.20.2"
      "@esbuild/linux-riscv64" "0.20.2"
      "@esbuild/linux-s390x" "0.20.2"
      "@esbuild/linux-x64" "0.20.2"
      "@esbuild/netbsd-x64" "0.20.2"
      "@esbuild/openbsd-x64" "0.20.2"
      "@esbuild/sunos-x64" "0.20.2"
      "@esbuild/win32-arm64" "0.20.2"
      "@esbuild/win32-ia32" "0.20.2"
      "@esbuild/win32-x64" "0.20.2"
  
  escape-html@^1.0.3:
    version "1.0.3"
    resolved "https://registry.npmmirror.com/escape-html/-/escape-html-1.0.3.tgz"
    integrity sha512-NiSupZ4OeuGwr68lGIeym/ksIZMJodUGOSCZ/FSnTxcrekbvqrgdUxlJOMpijaKZVjAJrWrGs/6Jy8OMuyj9ow==
  
  estree-walker@^2.0.2:
    version "2.0.2"
    resolved "https://registry.npmmirror.com/estree-walker/-/estree-walker-2.0.2.tgz"
    integrity sha512-Rfkk/Mp/DL7JVje3u18FxFujQlTNR2q6QfMSMB7AvCBx91NGj/ba3kCfza0f6dVDbw7YlRf/nDrn7pQrCCyQ/w==
  
  focus-trap@*, focus-trap@^7.5.4:
    version "7.5.4"
    resolved "https://registry.npmmirror.com/focus-trap/-/focus-trap-7.5.4.tgz"
    integrity sha512-N7kHdlgsO/v+iD/dMoJKtsSqs5Dz/dXZVebRgJw23LDk+jMi/974zyiOYDziY2JPp8xivq9BmUGwIJMiuSBi7w==
    dependencies:
      tabbable "^6.2.0"
  
  hookable@^5.5.3:
    version "5.5.3"
    resolved "https://registry.npmmirror.com/hookable/-/hookable-5.5.3.tgz"
    integrity sha512-Yc+BQe8SvoXH1643Qez1zqLRmbA5rCL+sSmk6TVos0LWVfNIB7PGncdlId77WzLGSIB5KaWgTaNTs2lNVEI6VQ==
  
  lodash-es@*, lodash-es@^4.17.21:
    version "4.17.21"
    resolved "https://registry.npmmirror.com/lodash-es/-/lodash-es-4.17.21.tgz"
    integrity sha512-mKnC+QJ9pWVzv+C4/U3rRsHapFfHvQFoFB92e52xeyGMcX6/OlIl78je1u8vePzYZSkkogMPJ2yjxxsb89cxyw==
  
  lodash-unified@^1.0.2:
    version "1.0.3"
    resolved "https://registry.npmmirror.com/lodash-unified/-/lodash-unified-1.0.3.tgz"
    integrity sha512-WK9qSozxXOD7ZJQlpSqOT+om2ZfcT4yO+03FuzAHD0wF6S0l0090LRPDx3vhTTLZ8cFKpBn+IOcVXK6qOcIlfQ==
  
  lodash@*, lodash@^4.17.21:
    version "4.17.21"
    resolved "https://registry.npmmirror.com/lodash/-/lodash-4.17.21.tgz"
    integrity sha512-v2kDEe57lecTulaDIuNTPy3Ry4gLGJ6Z1O3vE1krgXZNrsQ+LFTGHVxVjcXPs17LhbZVGedAJv8XZ1tvj5FvSg==
  
  magic-string@^0.30.10:
    version "0.30.10"
    resolved "https://registry.npmmirror.com/magic-string/-/magic-string-0.30.10.tgz"
    integrity sha512-iIRwTIf0QKV3UAnYK4PU8uiEc4SRh5jX0mwpIwETPpHdhVM4f53RSwS/vXvN1JhGX+Cs7B8qIq3d6AH49O5fAQ==
    dependencies:
      "@jridgewell/sourcemap-codec" "^1.4.15"
  
  mark.js@8.11.1:
    version "8.11.1"
    resolved "https://registry.npmmirror.com/mark.js/-/mark.js-8.11.1.tgz"
    integrity sha512-1I+1qpDt4idfgLQG+BNWmrqku+7/2bi5nLf4YwF8y8zXvmfiTBY3PV3ZibfrjBueCByROpuBjLLFCajqkgYoLQ==
  
  memoize-one@^6.0.0:
    version "6.0.0"
    resolved "https://registry.npmmirror.com/memoize-one/-/memoize-one-6.0.0.tgz"
    integrity sha512-rkpe71W0N0c0Xz6QD0eJETuWAJGnJ9afsl1srmwPrI+yBCkge5EycXXbYRyvL29zZVUWQCY7InPRCv3GDXuZNw==
  
  minisearch@^6.3.0:
    version "6.3.0"
    resolved "https://registry.npmmirror.com/minisearch/-/minisearch-6.3.0.tgz"
    integrity sha512-ihFnidEeU8iXzcVHy74dhkxh/dn8Dc08ERl0xwoMMGqp4+LvRSCgicb+zGqWthVokQKvCSxITlh3P08OzdTYCQ==
  
  mitt@^3.0.1:
    version "3.0.1"
    resolved "https://registry.npmmirror.com/mitt/-/mitt-3.0.1.tgz"
    integrity sha512-vKivATfr97l2/QBCYAkXYDbrIWPM2IIKEl7YPhjCvKlG3kE2gm+uBo6nEXK3M5/Ffh/FLpKExzOQ3JJoJGFKBw==
  
  nanoid@^3.3.7:
    version "3.3.7"
    resolved "https://registry.npmmirror.com/nanoid/-/nanoid-3.3.7.tgz"
    integrity sha512-eSRppjcPIatRIMC1U6UngP8XFcz8MQWGQdt1MTBQ7NaAmvXDfvNxbvWV3x2y6CdEUciCSsDHDQZbhYaB8QEo2g==
  
  nodejs-websocket@^1.7.2:
    version "1.7.2"
    resolved "https://registry.npmmirror.com/nodejs-websocket/-/nodejs-websocket-1.7.2.tgz"
    integrity sha512-PFX6ypJcCNDs7obRellR0DGTebfUhw1SXGKe2zpB+Ng1DQJhdzbzx1ob+AvJCLzy2TJF4r8cCDqMQqei1CZdPQ==
  
  normalize-wheel-es@^1.2.0:
    version "1.2.0"
    resolved "https://registry.npmmirror.com/normalize-wheel-es/-/normalize-wheel-es-1.2.0.tgz"
    integrity sha512-Wj7+EJQ8mSuXr2iWfnujrimU35R2W4FAErEyTmJoJ7ucwTn2hOUSsRehMb5RSYkxXGTM7Y9QpvPmp++w5ftoJw==
  
  perfect-debounce@^1.0.0:
    version "1.0.0"
    resolved "https://registry.npmmirror.com/perfect-debounce/-/perfect-debounce-1.0.0.tgz"
    integrity sha512-xCy9V055GLEqoFaHoC1SoLIaLmWctgCUaBaWxDZ7/Zx4CTyX7cJQLJOok/orfjZAh9kEYpjJa4d0KcJmCbctZA==
  
  picocolors@^1.0.0:
    version "1.0.1"
    resolved "https://registry.npmmirror.com/picocolors/-/picocolors-1.0.1.tgz"
    integrity sha512-anP1Z8qwhkbmu7MFP5iTt+wQKXgwzf7zTyGlcdzabySa9vd0Xt392U0rVmz9poOaBj0uHJKyyo9/upk0HrEQew==
  
  postcss@^8, postcss@^8.4.38:
    version "8.4.38"
    resolved "https://registry.npmmirror.com/postcss/-/postcss-8.4.38.tgz"
    integrity sha512-Wglpdk03BSfXkHoQa3b/oulrotAkwrlLDRSOb9D0bN86FdRyE9lppSp33aHNPgBa0JKCoB+drFLZkQoRRYae5A==
    dependencies:
      nanoid "^3.3.7"
      picocolors "^1.0.0"
      source-map-js "^1.2.0"
  
  preact@^10.0.0:
    version "10.22.0"
    resolved "https://registry.npmmirror.com/preact/-/preact-10.22.0.tgz"
    integrity sha512-RRurnSjJPj4rp5K6XoP45Ui33ncb7e4H7WiOHVpjbkvqvA3U+N8Z6Qbo0AE6leGYBV66n8EhEaFixvIu3SkxFw==
  
  rfdc@^1.3.1:
    version "1.3.1"
    resolved "https://registry.npmmirror.com/rfdc/-/rfdc-1.3.1.tgz"
    integrity sha512-r5a3l5HzYlIC68TpmYKlxWjmOP6wiPJ1vWv2HeLhNsRZMrCkxeqxiHlQ21oXmQ4F3SiryXBHhAD7JZqvOJjFmg==
  
  rollup@^4.13.0:
    version "4.18.0"
    resolved "https://registry.npmmirror.com/rollup/-/rollup-4.18.0.tgz"
    integrity sha512-QmJz14PX3rzbJCN1SG4Xe/bAAX2a6NpCP8ab2vfu2GiUr8AQcr2nCV/oEO3yneFarB67zk8ShlIyWb2LGTb3Sg==
    dependencies:
      "@types/estree" "1.0.5"
    optionalDependencies:
      "@rollup/rollup-android-arm-eabi" "4.18.0"
      "@rollup/rollup-android-arm64" "4.18.0"
      "@rollup/rollup-darwin-arm64" "4.18.0"
      "@rollup/rollup-darwin-x64" "4.18.0"
      "@rollup/rollup-linux-arm-gnueabihf" "4.18.0"
      "@rollup/rollup-linux-arm-musleabihf" "4.18.0"
      "@rollup/rollup-linux-arm64-gnu" "4.18.0"
      "@rollup/rollup-linux-arm64-musl" "4.18.0"
      "@rollup/rollup-linux-powerpc64le-gnu" "4.18.0"
      "@rollup/rollup-linux-riscv64-gnu" "4.18.0"
      "@rollup/rollup-linux-s390x-gnu" "4.18.0"
      "@rollup/rollup-linux-x64-gnu" "4.18.0"
      "@rollup/rollup-linux-x64-musl" "4.18.0"
      "@rollup/rollup-win32-arm64-msvc" "4.18.0"
      "@rollup/rollup-win32-ia32-msvc" "4.18.0"
      "@rollup/rollup-win32-x64-msvc" "4.18.0"
      fsevents "~2.3.2"
  
  "search-insights@>= 1 < 3":
    version "2.14.0"
    resolved "https://registry.npmmirror.com/search-insights/-/search-insights-2.14.0.tgz"
    integrity sha512-OLN6MsPMCghDOqlCtsIsYgtsC0pnwVTyT9Mu6A3ewOj1DxvzZF6COrn2g86E/c05xbktB0XN04m/t1Z+n+fTGw==
  
  shiki@^1.5.2, shiki@1.6.1:
    version "1.6.1"
    resolved "https://registry.npmmirror.com/shiki/-/shiki-1.6.1.tgz"
    integrity sha512-1Pu/A1rtsG6HZvQm4W0NExQ45e02og+rPog7PDaFDiMumZgOYnZIu4JtGQeAIfMwdbKSjJQoCUr79vDLKUUxWA==
    dependencies:
      "@shikijs/core" "1.6.1"
  
  source-map-js@^1.2.0:
    version "1.2.0"
    resolved "https://registry.npmmirror.com/source-map-js/-/source-map-js-1.2.0.tgz"
    integrity sha512-itJW8lvSA0TXEphiRoawsCksnlf8SyvmFzIhltqAHluXd88pkCd+cXJVHTDwdCr0IzwptSm035IHQktUu1QUMg==
  
  speakingurl@^14.0.1:
    version "14.0.1"
    resolved "https://registry.npmmirror.com/speakingurl/-/speakingurl-14.0.1.tgz"
    integrity sha512-1POYv7uv2gXoyGFpBCmpDVSNV74IfsWlDW216UPjbWufNf+bSU6GdbDsxdcxtfwb4xlI3yxzOTKClUosxARYrQ==
  
  tabbable@^6.2.0:
    version "6.2.0"
    resolved "https://registry.npmmirror.com/tabbable/-/tabbable-6.2.0.tgz"
    integrity sha512-Cat63mxsVJlzYvN51JmVXIgNoUokrIaT2zLclCXjRd8boZ0004U4KCs/sToJ75C6sdlByWxpYnb5Boif1VSFew==
  
  three@^0.164.1:
    version "0.164.1"
    resolved "https://registry.npmmirror.com/three/-/three-0.164.1.tgz"
    integrity sha512-iC/hUBbl1vzFny7f5GtqzVXYjMJKaTPxiCxXfrvVdBi1Sf+jhd1CAkitiFwC7mIBFCo3MrDLJG97yisoaWig0w==
  
  vite@^5.0.0, vite@^5.2.11:
    version "5.2.12"
    resolved "https://registry.npmmirror.com/vite/-/vite-5.2.12.tgz"
    integrity sha512-/gC8GxzxMK5ntBwb48pR32GGhENnjtY30G4A0jemunsBkiEZFw60s8InGpN8gkhHEkjnRK1aSAxeQgwvFhUHAA==
    dependencies:
      esbuild "^0.20.1"
      postcss "^8.4.38"
      rollup "^4.13.0"
    optionalDependencies:
      fsevents "~2.3.3"
  
  vitepress@^1.2.2:
    version "1.2.2"
    resolved "https://registry.npmmirror.com/vitepress/-/vitepress-1.2.2.tgz"
    integrity sha512-uZ3nXR5NY4nYj3RJWCo5jev9qlNZAQo5SUXu1U0QSUx84cUm/o7hCTDVjZ4njVSVui+PsV1oAbdQOg8ygbaf4w==
    dependencies:
      "@docsearch/css" "^3.6.0"
      "@docsearch/js" "^3.6.0"
      "@shikijs/core" "^1.5.2"
      "@shikijs/transformers" "^1.5.2"
      "@types/markdown-it" "^14.1.1"
      "@vitejs/plugin-vue" "^5.0.4"
      "@vue/devtools-api" "^7.2.0"
      "@vue/shared" "^3.4.27"
      "@vueuse/core" "^10.9.0"
      "@vueuse/integrations" "^10.9.0"
      focus-trap "^7.5.4"
      mark.js "8.11.1"
      minisearch "^6.3.0"
      shiki "^1.5.2"
      vite "^5.2.11"
      vue "^3.4.27"
  
  vue-demi@*:
    version "0.14.8"
    resolved "https://registry.npmmirror.com/vue-demi/-/vue-demi-0.14.8.tgz"
    integrity sha512-Uuqnk9YE9SsWeReYqK2alDI5YzciATE0r2SkA6iMAtuXvNTMNACJLJEXNXaEy94ECuBe4Sk6RzRU80kjdbIo1Q==
  
  vue-demi@>=0.14.7:
    version "0.14.7"
    resolved "https://registry.npmmirror.com/vue-demi/-/vue-demi-0.14.7.tgz"
    integrity sha512-EOG8KXDQNwkJILkx/gPcoL/7vH+hORoBaKgGe+6W7VFMvCYJfmF2dGbvgDroVnI8LU7/kTu8mbjRZGBU1z9NTA==
  
  vue@^3.0.0, "vue@^3.0.0-0 || ^2.6.0", vue@^3.2.0, vue@^3.2.25, vue@^3.4.27, vue@3.4.27:
    version "3.4.27"
    resolved "https://registry.npmmirror.com/vue/-/vue-3.4.27.tgz"
    integrity sha512-8s/56uK6r01r1icG/aEOHqyMVxd1bkYcSe9j8HcKtr/xTOFWvnzIVTehNW+5Yt89f+DLBe4A569pnZLS5HzAMA==
    dependencies:
      "@vue/compiler-dom" "3.4.27"
      "@vue/compiler-sfc" "3.4.27"
      "@vue/runtime-dom" "3.4.27"
      "@vue/server-renderer" "3.4.27"
      "@vue/shared" "3.4.27"
